VT =  0.025000
BFN =  178.70
VAFN =  69.700
RE1 =  100
RC1 =  800
RB1 =  80000
RB2 =  18000
VBEON =  0.70000
VCC =  12
RS =  100
RB =  14693.87755
VEQ =  2.2041
IB1 =  0.000046047
IC1 =  0.0082286
IE1 =  0.0082747
VE1 =  0.82747
VO1 =  5.4171
VCE =  4.5896
gm1 =  0.32915
rpi1 =  542.92
ro1 =  8470.4
RSB =  99.324
AV1 = -7.5968
AVI_DB =  17.613
AV1simple =  7.7116
AVIsimple_DB =  17.743
RE1 = 0
AV1 = -202.01
AVI_DB =  46.107
AV1simple = -261.54
AVIsimple_DB =  48.351
RE1 =  100
ZI1 =  7837.3
ZX =  212487.36376
ZX =  212487.36376
ZO1 =  797.00
RE1 = 0
ZI1 =  523.58
ZO1 =  730.96
BFP =  227.30
VAFP =  37.200
RE2 =  750
VEBON =  0.70000
VI2 =  5.4171
IE2 =  0.0078439
IC2 =  0.0078095
VO2 =  6.1171
gm2 =  0.31238
go2 =  0.00020993
gpi2 =  0.0013743
ge2 =  0.0013333
AV2 =  0.99075
ZI2 =  78634.69849
ZO2 =  3.1716
gB =  0.00068559
AV = -200.04
AV_DB =  46.022
ZI =  523.58
ZO =  6.3266
CI =  0.000050000
CE =  0.000050000
CO =  0.0000010000
f_low =  50181.34698
y =  2
a =  2
y =

   2   2

a =

   2   2

y =

   2   2   2

a =

   2   2   2

y =

   2   2   2   2

a =

   2   2   2   2

y =

   2   2   2   2   2

a =

   2   2   2   2   2

y =

   2   2   2   2   2   2

a =

   2   2   2   2   2   2

y =

   2   2   2   2   2   2   2

a =

   2   2   2   2   2   2   2

y =

   2   2   2   2   2   2   2   2

a =

   2   2   2   2   2   2   2   2

y =

   2   2   2   2   2   2   2   2   2

a =

   2   2   2   2   2   2   2   2   2

y =

   2   2   2   2   2   2   2   2   2   2

a =

   2   2   2   2   2   2   2   2   2   2

y =

   2   2   2   2   2   2   2   2   2   2   2

a =

   2   2   2   2   2   2   2   2   2   2   2

y =

   2   2   2   2   2   2   2   2   2   2   2   2

a =

   2   2   2   2   2   2   2   2   2   2   2   2

y =

   2   2   2   2   2   2   2   2   2   2   2   2   2

a =

   2   2   2   2   2   2   2   2   2   2   2   2   2

y =

   2   2   2   2   2   2   2   2   2   2   2   2   2   2

a =

   2   2   2   2   2   2   2   2   2   2   2   2   2   2

y =

   2   2   2   2   2   2   2   2   2   2   2   2   2   2   2

a =

   2   2   2   2   2   2   2   2   2   2   2   2   2   2   2

y =

   2   2   2   2   2   2   2   2   2   2   2   2   2   2   2   2

a =

   2   2   2   2   2   2   2   2   2   2   2   2   2   2   2   2

y =

   2   2   2   2   2   2   2   2   2   2   2   2   2   2   2   2   2

a =

   2   2   2   2   2   2   2   2   2   2   2   2   2   2   2   2   2

y =

   2   2   2   2   2   2   2   2   2   2   2   2   2   2   2   2   2   2

a =

   2   2   2   2   2   2   2   2   2   2   2   2   2   2   2   2   2   2

y =

   2   2   2   2   2   2   2   2   2   2   2   2   2   2   2   2   2   2   2

a =

   2   2   2   2   2   2   2   2   2   2   2   2   2   2   2   2   2   2   2

y =

   2   2   2   2   2   2   2   2   2   2   2   2   2   2   2   2   2   2   2   2

a =

   2   2   2   2   2   2   2   2   2   2   2   2   2   2   2   2   2   2   2   2

y =

 Columns 1 through 20:

   2   2   2   2   2   2   2   2   2   2   2   2   2   2   2   2   2   2   2   2

 Column 21:

   2

a =

 Columns 1 through 20:

   2   2   2   2   2   2   2   2   2   2   2   2   2   2   2   2   2   2   2   2

 Column 21:

   2

y =

 Columns 1 through 20:

   2   2   2   2   2   2   2   2   2   2   2   2   2   2   2   2   2   2   2   2

 Columns 21 and 22:

   2   2

a =

 Columns 1 through 20:

   2   2   2   2   2   2   2   2   2   2   2   2   2   2   2   2   2   2   2   2

 Columns 21 and 22:

   2   2

y =

 Columns 1 through 20:

   2   2   2   2   2   2   2   2   2   2   2   2   2   2   2   2   2   2   2   2

 Columns 21 through 23:

   2   2   2

a =

 Columns 1 through 20:

   2   2   2   2   2   2   2   2   2   2   2   2   2   2   2   2   2   2   2   2

 Columns 21 through 23:

   2   2   2

y =

 Columns 1 through 20:

   2   2   2   2   2   2   2   2   2   2   2   2   2   2   2   2   2   2   2   2

 Columns 21 through 24:

   2   2   2   2

a =

 Columns 1 through 20:

   2   2   2   2   2   2   2   2   2   2   2   2   2   2   2   2   2   2   2   2

 Columns 21 through 24:

   2   2   2   2

y =

 Columns 1 through 20:

   2   2   2   2   2   2   2   2   2   2   2   2   2   2   2   2   2   2   2   2

 Columns 21 through 25:

   2   2   2   2   2

a =

 Columns 1 through 20:

   2   2   2   2   2   2   2   2   2   2   2   2   2   2   2   2   2   2   2   2

 Columns 21 through 25:

   2   2   2   2   2

y =

 Columns 1 through 20:

   2   2   2   2   2   2   2   2   2   2   2   2   2   2   2   2   2   2   2   2

 Columns 21 through 26:

   2   2   2   2   2   2

a =

 Columns 1 through 20:

   2   2   2   2   2   2   2   2   2   2   2   2   2   2   2   2   2   2   2   2

 Columns 21 through 26:

   2   2   2   2   2   2

y =

 Columns 1 through 20:

   2   2   2   2   2   2   2   2   2   2   2   2   2   2   2   2   2   2   2   2

 Columns 21 through 27:

   2   2   2   2   2   2   2

a =

 Columns 1 through 20:

   2   2   2   2   2   2   2   2   2   2   2   2   2   2   2   2   2   2   2   2

 Columns 21 through 27:

   2   2   2   2   2   2   2

y =

 Columns 1 through 20:

   2   2   2   2   2   2   2   2   2   2   2   2   2   2   2   2   2   2   2   2

 Columns 21 through 28:

   2   2   2   2   2   2   2   2

a =

 Columns 1 through 20:

   2   2   2   2   2   2   2   2   2   2   2   2   2   2   2   2   2   2   2   2

 Columns 21 through 28:

   2   2   2   2   2   2   2   2

y =

 Columns 1 through 20:

   2   2   2   2   2   2   2   2   2   2   2   2   2   2   2   2   2   2   2   2

 Columns 21 through 29:

   2   2   2   2   2   2   2   2   2

a =

 Columns 1 through 20:

   2   2   2   2   2   2   2   2   2   2   2   2   2   2   2   2   2   2   2   2

 Columns 21 through 29:

   2   2   2   2   2   2   2   2   2

y =

 Columns 1 through 20:

   2   2   2   2   2   2   2   2   2   2   2   2   2   2   2   2   2   2   2   2

 Columns 21 through 30:

   2   2   2   2   2   2   2   2   2   2

a =

 Columns 1 through 20:

   2   2   2   2   2   2   2   2   2   2   2   2   2   2   2   2   2   2   2   2

 Columns 21 through 30:

   2   2   2   2   2   2   2   2   2   2

y =

 Columns 1 through 20:

   2   2   2   2   2   2   2   2   2   2   2   2   2   2   2   2   2   2   2   2

 Columns 21 through 31:

   2   2   2   2   2   2   2   2   2   2   2

a =

 Columns 1 through 20:

   2   2   2   2   2   2   2   2   2   2   2   2   2   2   2   2   2   2   2   2

 Columns 21 through 31:

   2   2   2   2   2   2   2   2   2   2   2

y =

 Columns 1 through 20:

   2   2   2   2   2   2   2   2   2   2   2   2   2   2   2   2   2   2   2   2

 Columns 21 through 32:

   2   2   2   2   2   2   2   2   2   2   2   2

a =

 Columns 1 through 20:

   2   2   2   2   2   2   2   2   2   2   2   2   2   2   2   2   2   2   2   2

 Columns 21 through 32:

   2   2   2   2   2   2   2   2   2   2   2   2

y =

 Columns 1 through 20:

   2   2   2   2   2   2   2   2   2   2   2   2   2   2   2   2   2   2   2   2

 Columns 21 through 33:

   2   2   2   2   2   2   2   2   2   2   2   2   2

a =

 Columns 1 through 20:

   2   2   2   2   2   2   2   2   2   2   2   2   2   2   2   2   2   2   2   2

 Columns 21 through 33:

   2   2   2   2   2   2   2   2   2   2   2   2   2

y =

 Columns 1 through 20:

   2   2   2   2   2   2   2   2   2   2   2   2   2   2   2   2   2   2   2   2

 Columns 21 through 34:

   2   2   2   2   2   2   2   2   2   2   2   2   2   2

a =

 Columns 1 through 20:

   2   2   2   2   2   2   2   2   2   2   2   2   2   2   2   2   2   2   2   2

 Columns 21 through 34:

   2   2   2   2   2   2   2   2   2   2   2   2   2   2

y =

 Columns 1 through 20:

   2   2   2   2   2   2   2   2   2   2   2   2   2   2   2   2   2   2   2   2

 Columns 21 through 35:

   2   2   2   2   2   2   2   2   2   2   2   2   2   2   2

a =

 Columns 1 through 20:

   2   2   2   2   2   2   2   2   2   2   2   2   2   2   2   2   2   2   2   2

 Columns 21 through 35:

   2   2   2   2   2   2   2   2   2   2   2   2   2   2   2

y =

 Columns 1 through 20:

   2   2   2   2   2   2   2   2   2   2   2   2   2   2   2   2   2   2   2   2

 Columns 21 through 36:

   2   2   2   2   2   2   2   2   2   2   2   2   2   2   2   2

a =

 Columns 1 through 20:

   2   2   2   2   2   2   2   2   2   2   2   2   2   2   2   2   2   2   2   2

 Columns 21 through 36:

   2   2   2   2   2   2   2   2   2   2   2   2   2   2   2   2

y =

 Columns 1 through 20:

   2   2   2   2   2   2   2   2   2   2   2   2   2   2   2   2   2   2   2   2

 Columns 21 through 37:

   2   2   2   2   2   2   2   2   2   2   2   2   2   2   2   2   2

a =

 Columns 1 through 20:

   2   2   2   2   2   2   2   2   2   2   2   2   2   2   2   2   2   2   2   2

 Columns 21 through 37:

   2   2   2   2   2   2   2   2   2   2   2   2   2   2   2   2   2

y =

 Columns 1 through 8:

    2.0000    2.0000    2.0000    2.0000    2.0000    2.0000    2.0000    2.0000

 Columns 9 through 16:

    2.0000    2.0000    2.0000    2.0000    2.0000    2.0000    2.0000    2.0000

 Columns 17 through 24:

    2.0000    2.0000    2.0000    2.0000    2.0000    2.0000    2.0000    2.0000

 Columns 25 through 32:

    2.0000    2.0000    2.0000    2.0000    2.0000    2.0000    2.0000    2.0000

 Columns 33 through 38:

    2.0000    2.0000    2.0000    2.0000    2.0000   46.0223

a =

 Columns 1 through 16:

    2    2    2    2    2    2    2    2    2    2    2    2    2    2    2    2

 Columns 17 through 32:

    2    2    2    2    2    2    2    2    2    2    2    2    2    2    2    2

 Columns 33 through 38:

    2    2    2    2    2   50

y =

 Columns 1 through 8:

    2.0000    2.0000    2.0000    2.0000    2.0000    2.0000    2.0000    2.0000

 Columns 9 through 16:

    2.0000    2.0000    2.0000    2.0000    2.0000    2.0000    2.0000    2.0000

 Columns 17 through 24:

    2.0000    2.0000    2.0000    2.0000    2.0000    2.0000    2.0000    2.0000

 Columns 25 through 32:

    2.0000    2.0000    2.0000    2.0000    2.0000    2.0000    2.0000    2.0000

 Columns 33 through 39:

    2.0000    2.0000    2.0000    2.0000    2.0000   46.0223   46.0223

a =

 Columns 1 through 16:

    2    2    2    2    2    2    2    2    2    2    2    2    2    2    2    2

 Columns 17 through 32:

    2    2    2    2    2    2    2    2    2    2    2    2    2    2    2    2

 Columns 33 through 39:

    2    2    2    2    2   50   50

y =

 Columns 1 through 8:

    2.0000    2.0000    2.0000    2.0000    2.0000    2.0000    2.0000    2.0000

 Columns 9 through 16:

    2.0000    2.0000    2.0000    2.0000    2.0000    2.0000    2.0000    2.0000

 Columns 17 through 24:

    2.0000    2.0000    2.0000    2.0000    2.0000    2.0000    2.0000    2.0000

 Columns 25 through 32:

    2.0000    2.0000    2.0000    2.0000    2.0000    2.0000    2.0000    2.0000

 Columns 33 through 40:

    2.0000    2.0000    2.0000    2.0000    2.0000   46.0223   46.0223   46.0223

a =

 Columns 1 through 16:

    2    2    2    2    2    2    2    2    2    2    2    2    2    2    2    2

 Columns 17 through 32:

    2    2    2    2    2    2    2    2    2    2    2    2    2    2    2    2

 Columns 33 through 40:

    2    2    2    2    2   50   50   50

y =

 Columns 1 through 8:

    2.0000    2.0000    2.0000    2.0000    2.0000    2.0000    2.0000    2.0000

 Columns 9 through 16:

    2.0000    2.0000    2.0000    2.0000    2.0000    2.0000    2.0000    2.0000

 Columns 17 through 24:

    2.0000    2.0000    2.0000    2.0000    2.0000    2.0000    2.0000    2.0000

 Columns 25 through 32:

    2.0000    2.0000    2.0000    2.0000    2.0000    2.0000    2.0000    2.0000

 Columns 33 through 40:

    2.0000    2.0000    2.0000    2.0000    2.0000   46.0223   46.0223   46.0223

 Column 41:

   46.0223

a =

 Columns 1 through 16:

    2    2    2    2    2    2    2    2    2    2    2    2    2    2    2    2

 Columns 17 through 32:

    2    2    2    2    2    2    2    2    2    2    2    2    2    2    2    2

 Columns 33 through 41:

    2    2    2    2    2   50   50   50   50

y =

 Columns 1 through 8:

    2.0000    2.0000    2.0000    2.0000    2.0000    2.0000    2.0000    2.0000

 Columns 9 through 16:

    2.0000    2.0000    2.0000    2.0000    2.0000    2.0000    2.0000    2.0000

 Columns 17 through 24:

    2.0000    2.0000    2.0000    2.0000    2.0000    2.0000    2.0000    2.0000

 Columns 25 through 32:

    2.0000    2.0000    2.0000    2.0000    2.0000    2.0000    2.0000    2.0000

 Columns 33 through 40:

    2.0000    2.0000    2.0000    2.0000    2.0000   46.0223   46.0223   46.0223

 Columns 41 and 42:

   46.0223   46.0223

a =

 Columns 1 through 16:

    2    2    2    2    2    2    2    2    2    2    2    2    2    2    2    2

 Columns 17 through 32:

    2    2    2    2    2    2    2    2    2    2    2    2    2    2    2    2

 Columns 33 through 42:

    2    2    2    2    2   50   50   50   50   50

y =

 Columns 1 through 8:

    2.0000    2.0000    2.0000    2.0000    2.0000    2.0000    2.0000    2.0000

 Columns 9 through 16:

    2.0000    2.0000    2.0000    2.0000    2.0000    2.0000    2.0000    2.0000

 Columns 17 through 24:

    2.0000    2.0000    2.0000    2.0000    2.0000    2.0000    2.0000    2.0000

 Columns 25 through 32:

    2.0000    2.0000    2.0000    2.0000    2.0000    2.0000    2.0000    2.0000

 Columns 33 through 40:

    2.0000    2.0000    2.0000    2.0000    2.0000   46.0223   46.0223   46.0223

 Columns 41 through 43:

   46.0223   46.0223   46.0223

a =

 Columns 1 through 16:

    2    2    2    2    2    2    2    2    2    2    2    2    2    2    2    2

 Columns 17 through 32:

    2    2    2    2    2    2    2    2    2    2    2    2    2    2    2    2

 Columns 33 through 43:

    2    2    2    2    2   50   50   50   50   50   50

y =

 Columns 1 through 8:

    2.0000    2.0000    2.0000    2.0000    2.0000    2.0000    2.0000    2.0000

 Columns 9 through 16:

    2.0000    2.0000    2.0000    2.0000    2.0000    2.0000    2.0000    2.0000

 Columns 17 through 24:

    2.0000    2.0000    2.0000    2.0000    2.0000    2.0000    2.0000    2.0000

 Columns 25 through 32:

    2.0000    2.0000    2.0000    2.0000    2.0000    2.0000    2.0000    2.0000

 Columns 33 through 40:

    2.0000    2.0000    2.0000    2.0000    2.0000   46.0223   46.0223   46.0223

 Columns 41 through 44:

   46.0223   46.0223   46.0223   46.0223

a =

 Columns 1 through 16:

    2    2    2    2    2    2    2    2    2    2    2    2    2    2    2    2

 Columns 17 through 32:

    2    2    2    2    2    2    2    2    2    2    2    2    2    2    2    2

 Columns 33 through 44:

    2    2    2    2    2   50   50   50   50   50   50   50

y =

 Columns 1 through 8:

    2.0000    2.0000    2.0000    2.0000    2.0000    2.0000    2.0000    2.0000

 Columns 9 through 16:

    2.0000    2.0000    2.0000    2.0000    2.0000    2.0000    2.0000    2.0000

 Columns 17 through 24:

    2.0000    2.0000    2.0000    2.0000    2.0000    2.0000    2.0000    2.0000

 Columns 25 through 32:

    2.0000    2.0000    2.0000    2.0000    2.0000    2.0000    2.0000    2.0000

 Columns 33 through 40:

    2.0000    2.0000    2.0000    2.0000    2.0000   46.0223   46.0223   46.0223

 Columns 41 through 45:

   46.0223   46.0223   46.0223   46.0223   46.0223

a =

 Columns 1 through 16:

    2    2    2    2    2    2    2    2    2    2    2    2    2    2    2    2

 Columns 17 through 32:

    2    2    2    2    2    2    2    2    2    2    2    2    2    2    2    2

 Columns 33 through 45:

    2    2    2    2    2   50   50   50   50   50   50   50   50

y =

 Columns 1 through 8:

    2.0000    2.0000    2.0000    2.0000    2.0000    2.0000    2.0000    2.0000

 Columns 9 through 16:

    2.0000    2.0000    2.0000    2.0000    2.0000    2.0000    2.0000    2.0000

 Columns 17 through 24:

    2.0000    2.0000    2.0000    2.0000    2.0000    2.0000    2.0000    2.0000

 Columns 25 through 32:

    2.0000    2.0000    2.0000    2.0000    2.0000    2.0000    2.0000    2.0000

 Columns 33 through 40:

    2.0000    2.0000    2.0000    2.0000    2.0000   46.0223   46.0223   46.0223

 Columns 41 through 46:

   46.0223   46.0223   46.0223   46.0223   46.0223   46.0223

a =

 Columns 1 through 16:

    2    2    2    2    2    2    2    2    2    2    2    2    2    2    2    2

 Columns 17 through 32:

    2    2    2    2    2    2    2    2    2    2    2    2    2    2    2    2

 Columns 33 through 46:

    2    2    2    2    2   50   50   50   50   50   50   50   50   50

y =

 Columns 1 through 8:

    2.0000    2.0000    2.0000    2.0000    2.0000    2.0000    2.0000    2.0000

 Columns 9 through 16:

    2.0000    2.0000    2.0000    2.0000    2.0000    2.0000    2.0000    2.0000

 Columns 17 through 24:

    2.0000    2.0000    2.0000    2.0000    2.0000    2.0000    2.0000    2.0000

 Columns 25 through 32:

    2.0000    2.0000    2.0000    2.0000    2.0000    2.0000    2.0000    2.0000

 Columns 33 through 40:

    2.0000    2.0000    2.0000    2.0000    2.0000   46.0223   46.0223   46.0223

 Columns 41 through 47:

   46.0223   46.0223   46.0223   46.0223   46.0223   46.0223   46.0223

a =

 Columns 1 through 16:

    2    2    2    2    2    2    2    2    2    2    2    2    2    2    2    2

 Columns 17 through 32:

    2    2    2    2    2    2    2    2    2    2    2    2    2    2    2    2

 Columns 33 through 47:

    2    2    2    2    2   50   50   50   50   50   50   50   50   50   50

y =

 Columns 1 through 8:

    2.0000    2.0000    2.0000    2.0000    2.0000    2.0000    2.0000    2.0000

 Columns 9 through 16:

    2.0000    2.0000    2.0000    2.0000    2.0000    2.0000    2.0000    2.0000

 Columns 17 through 24:

    2.0000    2.0000    2.0000    2.0000    2.0000    2.0000    2.0000    2.0000

 Columns 25 through 32:

    2.0000    2.0000    2.0000    2.0000    2.0000    2.0000    2.0000    2.0000

 Columns 33 through 40:

    2.0000    2.0000    2.0000    2.0000    2.0000   46.0223   46.0223   46.0223

 Columns 41 through 48:

   46.0223   46.0223   46.0223   46.0223   46.0223   46.0223   46.0223   46.0223

a =

 Columns 1 through 16:

    2    2    2    2    2    2    2    2    2    2    2    2    2    2    2    2

 Columns 17 through 32:

    2    2    2    2    2    2    2    2    2    2    2    2    2    2    2    2

 Columns 33 through 48:

    2    2    2    2    2   50   50   50   50   50   50   50   50   50   50   50

y =

 Columns 1 through 8:

    2.0000    2.0000    2.0000    2.0000    2.0000    2.0000    2.0000    2.0000

 Columns 9 through 16:

    2.0000    2.0000    2.0000    2.0000    2.0000    2.0000    2.0000    2.0000

 Columns 17 through 24:

    2.0000    2.0000    2.0000    2.0000    2.0000    2.0000    2.0000    2.0000

 Columns 25 through 32:

    2.0000    2.0000    2.0000    2.0000    2.0000    2.0000    2.0000    2.0000

 Columns 33 through 40:

    2.0000    2.0000    2.0000    2.0000    2.0000   46.0223   46.0223   46.0223

 Columns 41 through 48:

   46.0223   46.0223   46.0223   46.0223   46.0223   46.0223   46.0223   46.0223

 Column 49:

   46.0223

a =

 Columns 1 through 16:

    2    2    2    2    2    2    2    2    2    2    2    2    2    2    2    2

 Columns 17 through 32:

    2    2    2    2    2    2    2    2    2    2    2    2    2    2    2    2

 Columns 33 through 48:

    2    2    2    2    2   50   50   50   50   50   50   50   50   50   50   50

 Column 49:

   50

y =

 Columns 1 through 8:

    2.0000    2.0000    2.0000    2.0000    2.0000    2.0000    2.0000    2.0000

 Columns 9 through 16:

    2.0000    2.0000    2.0000    2.0000    2.0000    2.0000    2.0000    2.0000

 Columns 17 through 24:

    2.0000    2.0000    2.0000    2.0000    2.0000    2.0000    2.0000    2.0000

 Columns 25 through 32:

    2.0000    2.0000    2.0000    2.0000    2.0000    2.0000    2.0000    2.0000

 Columns 33 through 40:

    2.0000    2.0000    2.0000    2.0000    2.0000   46.0223   46.0223   46.0223

 Columns 41 through 48:

   46.0223   46.0223   46.0223   46.0223   46.0223   46.0223   46.0223   46.0223

 Columns 49 and 50:

   46.0223   46.0223

a =

 Columns 1 through 16:

    2    2    2    2    2    2    2    2    2    2    2    2    2    2    2    2

 Columns 17 through 32:

    2    2    2    2    2    2    2    2    2    2    2    2    2    2    2    2

 Columns 33 through 48:

    2    2    2    2    2   50   50   50   50   50   50   50   50   50   50   50

 Columns 49 and 50:

   50   50

y =

 Columns 1 through 8:

    2.0000    2.0000    2.0000    2.0000    2.0000    2.0000    2.0000    2.0000

 Columns 9 through 16:

    2.0000    2.0000    2.0000    2.0000    2.0000    2.0000    2.0000    2.0000

 Columns 17 through 24:

    2.0000    2.0000    2.0000    2.0000    2.0000    2.0000    2.0000    2.0000

 Columns 25 through 32:

    2.0000    2.0000    2.0000    2.0000    2.0000    2.0000    2.0000    2.0000

 Columns 33 through 40:

    2.0000    2.0000    2.0000    2.0000    2.0000   46.0223   46.0223   46.0223

 Columns 41 through 48:

   46.0223   46.0223   46.0223   46.0223   46.0223   46.0223   46.0223   46.0223

 Columns 49 through 51:

   46.0223   46.0223   46.0223

a =

 Columns 1 through 16:

    2    2    2    2    2    2    2    2    2    2    2    2    2    2    2    2

 Columns 17 through 32:

    2    2    2    2    2    2    2    2    2    2    2    2    2    2    2    2

 Columns 33 through 48:

    2    2    2    2    2   50   50   50   50   50   50   50   50   50   50   50

 Columns 49 through 51:

   50   50   50

y =

 Columns 1 through 8:

    2.0000    2.0000    2.0000    2.0000    2.0000    2.0000    2.0000    2.0000

 Columns 9 through 16:

    2.0000    2.0000    2.0000    2.0000    2.0000    2.0000    2.0000    2.0000

 Columns 17 through 24:

    2.0000    2.0000    2.0000    2.0000    2.0000    2.0000    2.0000    2.0000

 Columns 25 through 32:

    2.0000    2.0000    2.0000    2.0000    2.0000    2.0000    2.0000    2.0000

 Columns 33 through 40:

    2.0000    2.0000    2.0000    2.0000    2.0000   46.0223   46.0223   46.0223

 Columns 41 through 48:

   46.0223   46.0223   46.0223   46.0223   46.0223   46.0223   46.0223   46.0223

 Columns 49 through 52:

   46.0223   46.0223   46.0223   46.0223

a =

 Columns 1 through 16:

    2    2    2    2    2    2    2    2    2    2    2    2    2    2    2    2

 Columns 17 through 32:

    2    2    2    2    2    2    2    2    2    2    2    2    2    2    2    2

 Columns 33 through 48:

    2    2    2    2    2   50   50   50   50   50   50   50   50   50   50   50

 Columns 49 through 52:

   50   50   50   50

y =

 Columns 1 through 8:

    2.0000    2.0000    2.0000    2.0000    2.0000    2.0000    2.0000    2.0000

 Columns 9 through 16:

    2.0000    2.0000    2.0000    2.0000    2.0000    2.0000    2.0000    2.0000

 Columns 17 through 24:

    2.0000    2.0000    2.0000    2.0000    2.0000    2.0000    2.0000    2.0000

 Columns 25 through 32:

    2.0000    2.0000    2.0000    2.0000    2.0000    2.0000    2.0000    2.0000

 Columns 33 through 40:

    2.0000    2.0000    2.0000    2.0000    2.0000   46.0223   46.0223   46.0223

 Columns 41 through 48:

   46.0223   46.0223   46.0223   46.0223   46.0223   46.0223   46.0223   46.0223

 Columns 49 through 53:

   46.0223   46.0223   46.0223   46.0223   46.0223

a =

 Columns 1 through 16:

    2    2    2    2    2    2    2    2    2    2    2    2    2    2    2    2

 Columns 17 through 32:

    2    2    2    2    2    2    2    2    2    2    2    2    2    2    2    2

 Columns 33 through 48:

    2    2    2    2    2   50   50   50   50   50   50   50   50   50   50   50

 Columns 49 through 53:

   50   50   50   50   50

y =

 Columns 1 through 8:

    2.0000    2.0000    2.0000    2.0000    2.0000    2.0000    2.0000    2.0000

 Columns 9 through 16:

    2.0000    2.0000    2.0000    2.0000    2.0000    2.0000    2.0000    2.0000

 Columns 17 through 24:

    2.0000    2.0000    2.0000    2.0000    2.0000    2.0000    2.0000    2.0000

 Columns 25 through 32:

    2.0000    2.0000    2.0000    2.0000    2.0000    2.0000    2.0000    2.0000

 Columns 33 through 40:

    2.0000    2.0000    2.0000    2.0000    2.0000   46.0223   46.0223   46.0223

 Columns 41 through 48:

   46.0223   46.0223   46.0223   46.0223   46.0223   46.0223   46.0223   46.0223

 Columns 49 through 54:

   46.0223   46.0223   46.0223   46.0223   46.0223   46.0223

a =

 Columns 1 through 16:

    2    2    2    2    2    2    2    2    2    2    2    2    2    2    2    2

 Columns 17 through 32:

    2    2    2    2    2    2    2    2    2    2    2    2    2    2    2    2

 Columns 33 through 48:

    2    2    2    2    2   50   50   50   50   50   50   50   50   50   50   50

 Columns 49 through 54:

   50   50   50   50   50   50

y =

 Columns 1 through 8:

    2.0000    2.0000    2.0000    2.0000    2.0000    2.0000    2.0000    2.0000

 Columns 9 through 16:

    2.0000    2.0000    2.0000    2.0000    2.0000    2.0000    2.0000    2.0000

 Columns 17 through 24:

    2.0000    2.0000    2.0000    2.0000    2.0000    2.0000    2.0000    2.0000

 Columns 25 through 32:

    2.0000    2.0000    2.0000    2.0000    2.0000    2.0000    2.0000    2.0000

 Columns 33 through 40:

    2.0000    2.0000    2.0000    2.0000    2.0000   46.0223   46.0223   46.0223

 Columns 41 through 48:

   46.0223   46.0223   46.0223   46.0223   46.0223   46.0223   46.0223   46.0223

 Columns 49 through 55:

   46.0223   46.0223   46.0223   46.0223   46.0223   46.0223   46.0223

a =

 Columns 1 through 16:

    2    2    2    2    2    2    2    2    2    2    2    2    2    2    2    2

 Columns 17 through 32:

    2    2    2    2    2    2    2    2    2    2    2    2    2    2    2    2

 Columns 33 through 48:

    2    2    2    2    2   50   50   50   50   50   50   50   50   50   50   50

 Columns 49 through 55:

   50   50   50   50   50   50   50

y =

 Columns 1 through 8:

    2.0000    2.0000    2.0000    2.0000    2.0000    2.0000    2.0000    2.0000

 Columns 9 through 16:

    2.0000    2.0000    2.0000    2.0000    2.0000    2.0000    2.0000    2.0000

 Columns 17 through 24:

    2.0000    2.0000    2.0000    2.0000    2.0000    2.0000    2.0000    2.0000

 Columns 25 through 32:

    2.0000    2.0000    2.0000    2.0000    2.0000    2.0000    2.0000    2.0000

 Columns 33 through 40:

    2.0000    2.0000    2.0000    2.0000    2.0000   46.0223   46.0223   46.0223

 Columns 41 through 48:

   46.0223   46.0223   46.0223   46.0223   46.0223   46.0223   46.0223   46.0223

 Columns 49 through 56:

   46.0223   46.0223   46.0223   46.0223   46.0223   46.0223   46.0223   46.0223

a =

 Columns 1 through 16:

    2    2    2    2    2    2    2    2    2    2    2    2    2    2    2    2

 Columns 17 through 32:

    2    2    2    2    2    2    2    2    2    2    2    2    2    2    2    2

 Columns 33 through 48:

    2    2    2    2    2   50   50   50   50   50   50   50   50   50   50   50

 Columns 49 through 56:

   50   50   50   50   50   50   50   50

y =

 Columns 1 through 8:

    2.0000    2.0000    2.0000    2.0000    2.0000    2.0000    2.0000    2.0000

 Columns 9 through 16:

    2.0000    2.0000    2.0000    2.0000    2.0000    2.0000    2.0000    2.0000

 Columns 17 through 24:

    2.0000    2.0000    2.0000    2.0000    2.0000    2.0000    2.0000    2.0000

 Columns 25 through 32:

    2.0000    2.0000    2.0000    2.0000    2.0000    2.0000    2.0000    2.0000

 Columns 33 through 40:

    2.0000    2.0000    2.0000    2.0000    2.0000   46.0223   46.0223   46.0223

 Columns 41 through 48:

   46.0223   46.0223   46.0223   46.0223   46.0223   46.0223   46.0223   46.0223

 Columns 49 through 56:

   46.0223   46.0223   46.0223   46.0223   46.0223   46.0223   46.0223   46.0223

 Column 57:

   46.0223

a =

 Columns 1 through 16:

    2    2    2    2    2    2    2    2    2    2    2    2    2    2    2    2

 Columns 17 through 32:

    2    2    2    2    2    2    2    2    2    2    2    2    2    2    2    2

 Columns 33 through 48:

    2    2    2    2    2   50   50   50   50   50   50   50   50   50   50   50

 Columns 49 through 57:

   50   50   50   50   50   50   50   50   50

y =

 Columns 1 through 8:

    2.0000    2.0000    2.0000    2.0000    2.0000    2.0000    2.0000    2.0000

 Columns 9 through 16:

    2.0000    2.0000    2.0000    2.0000    2.0000    2.0000    2.0000    2.0000

 Columns 17 through 24:

    2.0000    2.0000    2.0000    2.0000    2.0000    2.0000    2.0000    2.0000

 Columns 25 through 32:

    2.0000    2.0000    2.0000    2.0000    2.0000    2.0000    2.0000    2.0000

 Columns 33 through 40:

    2.0000    2.0000    2.0000    2.0000    2.0000   46.0223   46.0223   46.0223

 Columns 41 through 48:

   46.0223   46.0223   46.0223   46.0223   46.0223   46.0223   46.0223   46.0223

 Columns 49 through 56:

   46.0223   46.0223   46.0223   46.0223   46.0223   46.0223   46.0223   46.0223

 Columns 57 and 58:

   46.0223   46.0223

a =

 Columns 1 through 16:

    2    2    2    2    2    2    2    2    2    2    2    2    2    2    2    2

 Columns 17 through 32:

    2    2    2    2    2    2    2    2    2    2    2    2    2    2    2    2

 Columns 33 through 48:

    2    2    2    2    2   50   50   50   50   50   50   50   50   50   50   50

 Columns 49 through 58:

   50   50   50   50   50   50   50   50   50   50

y =

 Columns 1 through 8:

    2.0000    2.0000    2.0000    2.0000    2.0000    2.0000    2.0000    2.0000

 Columns 9 through 16:

    2.0000    2.0000    2.0000    2.0000    2.0000    2.0000    2.0000    2.0000

 Columns 17 through 24:

    2.0000    2.0000    2.0000    2.0000    2.0000    2.0000    2.0000    2.0000

 Columns 25 through 32:

    2.0000    2.0000    2.0000    2.0000    2.0000    2.0000    2.0000    2.0000

 Columns 33 through 40:

    2.0000    2.0000    2.0000    2.0000    2.0000   46.0223   46.0223   46.0223

 Columns 41 through 48:

   46.0223   46.0223   46.0223   46.0223   46.0223   46.0223   46.0223   46.0223

 Columns 49 through 56:

   46.0223   46.0223   46.0223   46.0223   46.0223   46.0223   46.0223   46.0223

 Columns 57 through 59:

   46.0223   46.0223   46.0223

a =

 Columns 1 through 16:

    2    2    2    2    2    2    2    2    2    2    2    2    2    2    2    2

 Columns 17 through 32:

    2    2    2    2    2    2    2    2    2    2    2    2    2    2    2    2

 Columns 33 through 48:

    2    2    2    2    2   50   50   50   50   50   50   50   50   50   50   50

 Columns 49 through 59:

   50   50   50   50   50   50   50   50   50   50   50

y =

 Columns 1 through 8:

    2.0000    2.0000    2.0000    2.0000    2.0000    2.0000    2.0000    2.0000

 Columns 9 through 16:

    2.0000    2.0000    2.0000    2.0000    2.0000    2.0000    2.0000    2.0000

 Columns 17 through 24:

    2.0000    2.0000    2.0000    2.0000    2.0000    2.0000    2.0000    2.0000

 Columns 25 through 32:

    2.0000    2.0000    2.0000    2.0000    2.0000    2.0000    2.0000    2.0000

 Columns 33 through 40:

    2.0000    2.0000    2.0000    2.0000    2.0000   46.0223   46.0223   46.0223

 Columns 41 through 48:

   46.0223   46.0223   46.0223   46.0223   46.0223   46.0223   46.0223   46.0223

 Columns 49 through 56:

   46.0223   46.0223   46.0223   46.0223   46.0223   46.0223   46.0223   46.0223

 Columns 57 through 60:

   46.0223   46.0223   46.0223   46.0223

a =

 Columns 1 through 16:

    2    2    2    2    2    2    2    2    2    2    2    2    2    2    2    2

 Columns 17 through 32:

    2    2    2    2    2    2    2    2    2    2    2    2    2    2    2    2

 Columns 33 through 48:

    2    2    2    2    2   50   50   50   50   50   50   50   50   50   50   50

 Columns 49 through 60:

   50   50   50   50   50   50   50   50   50   50   50   50

y =

 Columns 1 through 8:

    2.0000    2.0000    2.0000    2.0000    2.0000    2.0000    2.0000    2.0000

 Columns 9 through 16:

    2.0000    2.0000    2.0000    2.0000    2.0000    2.0000    2.0000    2.0000

 Columns 17 through 24:

    2.0000    2.0000    2.0000    2.0000    2.0000    2.0000    2.0000    2.0000

 Columns 25 through 32:

    2.0000    2.0000    2.0000    2.0000    2.0000    2.0000    2.0000    2.0000

 Columns 33 through 40:

    2.0000    2.0000    2.0000    2.0000    2.0000   46.0223   46.0223   46.0223

 Columns 41 through 48:

   46.0223   46.0223   46.0223   46.0223   46.0223   46.0223   46.0223   46.0223

 Columns 49 through 56:

   46.0223   46.0223   46.0223   46.0223   46.0223   46.0223   46.0223   46.0223

 Columns 57 through 61:

   46.0223   46.0223   46.0223   46.0223   46.0223

a =

 Columns 1 through 16:

    2    2    2    2    2    2    2    2    2    2    2    2    2    2    2    2

 Columns 17 through 32:

    2    2    2    2    2    2    2    2    2    2    2    2    2    2    2    2

 Columns 33 through 48:

    2    2    2    2    2   50   50   50   50   50   50   50   50   50   50   50

 Columns 49 through 61:

   50   50   50   50   50   50   50   50   50   50   50   50   50

y =

 Columns 1 through 8:

    2.0000    2.0000    2.0000    2.0000    2.0000    2.0000    2.0000    2.0000

 Columns 9 through 16:

    2.0000    2.0000    2.0000    2.0000    2.0000    2.0000    2.0000    2.0000

 Columns 17 through 24:

    2.0000    2.0000    2.0000    2.0000    2.0000    2.0000    2.0000    2.0000

 Columns 25 through 32:

    2.0000    2.0000    2.0000    2.0000    2.0000    2.0000    2.0000    2.0000

 Columns 33 through 40:

    2.0000    2.0000    2.0000    2.0000    2.0000   46.0223   46.0223   46.0223

 Columns 41 through 48:

   46.0223   46.0223   46.0223   46.0223   46.0223   46.0223   46.0223   46.0223

 Columns 49 through 56:

   46.0223   46.0223   46.0223   46.0223   46.0223   46.0223   46.0223   46.0223

 Columns 57 through 62:

   46.0223   46.0223   46.0223   46.0223   46.0223   46.0223

a =

 Columns 1 through 16:

    2    2    2    2    2    2    2    2    2    2    2    2    2    2    2    2

 Columns 17 through 32:

    2    2    2    2    2    2    2    2    2    2    2    2    2    2    2    2

 Columns 33 through 48:

    2    2    2    2    2   50   50   50   50   50   50   50   50   50   50   50

 Columns 49 through 62:

   50   50   50   50   50   50   50   50   50   50   50   50   50   50

y =

 Columns 1 through 8:

    2.0000    2.0000    2.0000    2.0000    2.0000    2.0000    2.0000    2.0000

 Columns 9 through 16:

    2.0000    2.0000    2.0000    2.0000    2.0000    2.0000    2.0000    2.0000

 Columns 17 through 24:

    2.0000    2.0000    2.0000    2.0000    2.0000    2.0000    2.0000    2.0000

 Columns 25 through 32:

    2.0000    2.0000    2.0000    2.0000    2.0000    2.0000    2.0000    2.0000

 Columns 33 through 40:

    2.0000    2.0000    2.0000    2.0000    2.0000   46.0223   46.0223   46.0223

 Columns 41 through 48:

   46.0223   46.0223   46.0223   46.0223   46.0223   46.0223   46.0223   46.0223

 Columns 49 through 56:

   46.0223   46.0223   46.0223   46.0223   46.0223   46.0223   46.0223   46.0223

 Columns 57 through 63:

   46.0223   46.0223   46.0223   46.0223   46.0223   46.0223   46.0223

a =

 Columns 1 through 16:

    2    2    2    2    2    2    2    2    2    2    2    2    2    2    2    2

 Columns 17 through 32:

    2    2    2    2    2    2    2    2    2    2    2    2    2    2    2    2

 Columns 33 through 48:

    2    2    2    2    2   50   50   50   50   50   50   50   50   50   50   50

 Columns 49 through 63:

   50   50   50   50   50   50   50   50   50   50   50   50   50   50   50

y =

 Columns 1 through 8:

    2.0000    2.0000    2.0000    2.0000    2.0000    2.0000    2.0000    2.0000

 Columns 9 through 16:

    2.0000    2.0000    2.0000    2.0000    2.0000    2.0000    2.0000    2.0000

 Columns 17 through 24:

    2.0000    2.0000    2.0000    2.0000    2.0000    2.0000    2.0000    2.0000

 Columns 25 through 32:

    2.0000    2.0000    2.0000    2.0000    2.0000    2.0000    2.0000    2.0000

 Columns 33 through 40:

    2.0000    2.0000    2.0000    2.0000    2.0000   46.0223   46.0223   46.0223

 Columns 41 through 48:

   46.0223   46.0223   46.0223   46.0223   46.0223   46.0223   46.0223   46.0223

 Columns 49 through 56:

   46.0223   46.0223   46.0223   46.0223   46.0223   46.0223   46.0223   46.0223

 Columns 57 through 64:

   46.0223   46.0223   46.0223   46.0223   46.0223   46.0223   46.0223   46.0223

a =

 Columns 1 through 16:

    2    2    2    2    2    2    2    2    2    2    2    2    2    2    2    2

 Columns 17 through 32:

    2    2    2    2    2    2    2    2    2    2    2    2    2    2    2    2

 Columns 33 through 48:

    2    2    2    2    2   50   50   50   50   50   50   50   50   50   50   50

 Columns 49 through 64:

   50   50   50   50   50   50   50   50   50   50   50   50   50   50   50   50

y =

 Columns 1 through 8:

    2.0000    2.0000    2.0000    2.0000    2.0000    2.0000    2.0000    2.0000

 Columns 9 through 16:

    2.0000    2.0000    2.0000    2.0000    2.0000    2.0000    2.0000    2.0000

 Columns 17 through 24:

    2.0000    2.0000    2.0000    2.0000    2.0000    2.0000    2.0000    2.0000

 Columns 25 through 32:

    2.0000    2.0000    2.0000    2.0000    2.0000    2.0000    2.0000    2.0000

 Columns 33 through 40:

    2.0000    2.0000    2.0000    2.0000    2.0000   46.0223   46.0223   46.0223

 Columns 41 through 48:

   46.0223   46.0223   46.0223   46.0223   46.0223   46.0223   46.0223   46.0223

 Columns 49 through 56:

   46.0223   46.0223   46.0223   46.0223   46.0223   46.0223   46.0223   46.0223

 Columns 57 through 64:

   46.0223   46.0223   46.0223   46.0223   46.0223   46.0223   46.0223   46.0223

 Column 65:

   46.0223

a =

 Columns 1 through 16:

    2    2    2    2    2    2    2    2    2    2    2    2    2    2    2    2

 Columns 17 through 32:

    2    2    2    2    2    2    2    2    2    2    2    2    2    2    2    2

 Columns 33 through 48:

    2    2    2    2    2   50   50   50   50   50   50   50   50   50   50   50

 Columns 49 through 64:

   50   50   50   50   50   50   50   50   50   50   50   50   50   50   50   50

 Column 65:

   50

y =

 Columns 1 through 8:

    2.0000    2.0000    2.0000    2.0000    2.0000    2.0000    2.0000    2.0000

 Columns 9 through 16:

    2.0000    2.0000    2.0000    2.0000    2.0000    2.0000    2.0000    2.0000

 Columns 17 through 24:

    2.0000    2.0000    2.0000    2.0000    2.0000    2.0000    2.0000    2.0000

 Columns 25 through 32:

    2.0000    2.0000    2.0000    2.0000    2.0000    2.0000    2.0000    2.0000

 Columns 33 through 40:

    2.0000    2.0000    2.0000    2.0000    2.0000   46.0223   46.0223   46.0223

 Columns 41 through 48:

   46.0223   46.0223   46.0223   46.0223   46.0223   46.0223   46.0223   46.0223

 Columns 49 through 56:

   46.0223   46.0223   46.0223   46.0223   46.0223   46.0223   46.0223   46.0223

 Columns 57 through 64:

   46.0223   46.0223   46.0223   46.0223   46.0223   46.0223   46.0223   46.0223

 Columns 65 and 66:

   46.0223   46.0223

a =

 Columns 1 through 16:

    2    2    2    2    2    2    2    2    2    2    2    2    2    2    2    2

 Columns 17 through 32:

    2    2    2    2    2    2    2    2    2    2    2    2    2    2    2    2

 Columns 33 through 48:

    2    2    2    2    2   50   50   50   50   50   50   50   50   50   50   50

 Columns 49 through 64:

   50   50   50   50   50   50   50   50   50   50   50   50   50   50   50   50

 Columns 65 and 66:

   50   50

y =

 Columns 1 through 8:

    2.0000    2.0000    2.0000    2.0000    2.0000    2.0000    2.0000    2.0000

 Columns 9 through 16:

    2.0000    2.0000    2.0000    2.0000    2.0000    2.0000    2.0000    2.0000

 Columns 17 through 24:

    2.0000    2.0000    2.0000    2.0000    2.0000    2.0000    2.0000    2.0000

 Columns 25 through 32:

    2.0000    2.0000    2.0000    2.0000    2.0000    2.0000    2.0000    2.0000

 Columns 33 through 40:

    2.0000    2.0000    2.0000    2.0000    2.0000   46.0223   46.0223   46.0223

 Columns 41 through 48:

   46.0223   46.0223   46.0223   46.0223   46.0223   46.0223   46.0223   46.0223

 Columns 49 through 56:

   46.0223   46.0223   46.0223   46.0223   46.0223   46.0223   46.0223   46.0223

 Columns 57 through 64:

   46.0223   46.0223   46.0223   46.0223   46.0223   46.0223   46.0223   46.0223

 Columns 65 through 67:

   46.0223   46.0223   46.0223

a =

 Columns 1 through 16:

    2    2    2    2    2    2    2    2    2    2    2    2    2    2    2    2

 Columns 17 through 32:

    2    2    2    2    2    2    2    2    2    2    2    2    2    2    2    2

 Columns 33 through 48:

    2    2    2    2    2   50   50   50   50   50   50   50   50   50   50   50

 Columns 49 through 64:

   50   50   50   50   50   50   50   50   50   50   50   50   50   50   50   50

 Columns 65 through 67:

   50   50   50

y =

 Columns 1 through 8:

    2.0000    2.0000    2.0000    2.0000    2.0000    2.0000    2.0000    2.0000

 Columns 9 through 16:

    2.0000    2.0000    2.0000    2.0000    2.0000    2.0000    2.0000    2.0000

 Columns 17 through 24:

    2.0000    2.0000    2.0000    2.0000    2.0000    2.0000    2.0000    2.0000

 Columns 25 through 32:

    2.0000    2.0000    2.0000    2.0000    2.0000    2.0000    2.0000    2.0000

 Columns 33 through 40:

    2.0000    2.0000    2.0000    2.0000    2.0000   46.0223   46.0223   46.0223

 Columns 41 through 48:

   46.0223   46.0223   46.0223   46.0223   46.0223   46.0223   46.0223   46.0223

 Columns 49 through 56:

   46.0223   46.0223   46.0223   46.0223   46.0223   46.0223   46.0223   46.0223

 Columns 57 through 64:

   46.0223   46.0223   46.0223   46.0223   46.0223   46.0223   46.0223   46.0223

 Columns 65 through 68:

   46.0223   46.0223   46.0223   46.0223

a =

 Columns 1 through 16:

    2    2    2    2    2    2    2    2    2    2    2    2    2    2    2    2

 Columns 17 through 32:

    2    2    2    2    2    2    2    2    2    2    2    2    2    2    2    2

 Columns 33 through 48:

    2    2    2    2    2   50   50   50   50   50   50   50   50   50   50   50

 Columns 49 through 64:

   50   50   50   50   50   50   50   50   50   50   50   50   50   50   50   50

 Columns 65 through 68:

   50   50   50   50

y =

 Columns 1 through 8:

    2.0000    2.0000    2.0000    2.0000    2.0000    2.0000    2.0000    2.0000

 Columns 9 through 16:

    2.0000    2.0000    2.0000    2.0000    2.0000    2.0000    2.0000    2.0000

 Columns 17 through 24:

    2.0000    2.0000    2.0000    2.0000    2.0000    2.0000    2.0000    2.0000

 Columns 25 through 32:

    2.0000    2.0000    2.0000    2.0000    2.0000    2.0000    2.0000    2.0000

 Columns 33 through 40:

    2.0000    2.0000    2.0000    2.0000    2.0000   46.0223   46.0223   46.0223

 Columns 41 through 48:

   46.0223   46.0223   46.0223   46.0223   46.0223   46.0223   46.0223   46.0223

 Columns 49 through 56:

   46.0223   46.0223   46.0223   46.0223   46.0223   46.0223   46.0223   46.0223

 Columns 57 through 64:

   46.0223   46.0223   46.0223   46.0223   46.0223   46.0223   46.0223   46.0223

 Columns 65 through 69:

   46.0223   46.0223   46.0223   46.0223   46.0223

a =

 Columns 1 through 16:

    2    2    2    2    2    2    2    2    2    2    2    2    2    2    2    2

 Columns 17 through 32:

    2    2    2    2    2    2    2    2    2    2    2    2    2    2    2    2

 Columns 33 through 48:

    2    2    2    2    2   50   50   50   50   50   50   50   50   50   50   50

 Columns 49 through 64:

   50   50   50   50   50   50   50   50   50   50   50   50   50   50   50   50

 Columns 65 through 69:

   50   50   50   50   50

y =

 Columns 1 through 8:

    2.0000    2.0000    2.0000    2.0000    2.0000    2.0000    2.0000    2.0000

 Columns 9 through 16:

    2.0000    2.0000    2.0000    2.0000    2.0000    2.0000    2.0000    2.0000

 Columns 17 through 24:

    2.0000    2.0000    2.0000    2.0000    2.0000    2.0000    2.0000    2.0000

 Columns 25 through 32:

    2.0000    2.0000    2.0000    2.0000    2.0000    2.0000    2.0000    2.0000

 Columns 33 through 40:

    2.0000    2.0000    2.0000    2.0000    2.0000   46.0223   46.0223   46.0223

 Columns 41 through 48:

   46.0223   46.0223   46.0223   46.0223   46.0223   46.0223   46.0223   46.0223

 Columns 49 through 56:

   46.0223   46.0223   46.0223   46.0223   46.0223   46.0223   46.0223   46.0223

 Columns 57 through 64:

   46.0223   46.0223   46.0223   46.0223   46.0223   46.0223   46.0223   46.0223

 Columns 65 through 70:

   46.0223   46.0223   46.0223   46.0223   46.0223   46.0223

a =

 Columns 1 through 16:

    2    2    2    2    2    2    2    2    2    2    2    2    2    2    2    2

 Columns 17 through 32:

    2    2    2    2    2    2    2    2    2    2    2    2    2    2    2    2

 Columns 33 through 48:

    2    2    2    2    2   50   50   50   50   50   50   50   50   50   50   50

 Columns 49 through 64:

   50   50   50   50   50   50   50   50   50   50   50   50   50   50   50   50

 Columns 65 through 70:

   50   50   50   50   50   50

ans = 0
ans = 0
ans = 0
c_resistors =  99.658
c_capacitors =  101
c_transistors =  0.20000
cost =  200.86
voltage_gain =  78.795
merit =  85.094
ans = 0
