R =  1000
C =  0.00010000
vOnexp =

 Columns 1 through 8:

   14.007   14.006   14.004   14.003   14.001   14.000   13.999   13.997

 Columns 9 through 16:

   13.996   13.994   13.993   13.992   13.990   13.989   13.987   13.986

 Columns 17 through 24:

   13.985   13.983   13.982   13.980   13.979   13.978   13.976   13.975

 Columns 25 through 32:

   13.973   13.972   13.971   13.969   13.968   13.966   13.965   13.964

 Columns 33 through 40:

   13.962   13.961   13.960   13.958   13.957   13.955   13.954   13.953

 Columns 41 through 48:

   13.951   13.950   13.948   13.947   13.946   13.944   13.943   13.941

 Columns 49 through 56:

   13.940   13.939   13.937   13.936   13.934   13.933   13.932   13.930

 Columns 57 through 64:

   13.929   13.927   13.926   13.925   13.923   13.922   13.920   13.919

 Columns 65 through 72:

   13.918   13.916   13.915   13.913   13.912   13.911   13.909   13.908

 Columns 73 through 80:

   13.907   13.905   13.904   13.902   13.901   13.900   13.898   13.897

 Columns 81 through 88:

   13.895   13.894   13.893   13.891   13.890   13.888   13.887   13.886

 Columns 89 through 96:

   13.884   13.883   13.881   13.880   13.879   13.877   13.876   13.875

 Columns 97 through 104:

   13.873   13.872   13.870   13.869   13.868   13.866   13.865   13.863

 Columns 105 through 112:

   13.862   13.861   13.859   13.858   13.856   13.855   13.854   13.852

 Columns 113 through 120:

   13.851   13.850   13.848   13.847   13.845   13.844   13.843   13.841

 Columns 121 through 128:

   13.840   13.838   13.837   13.836   13.834   13.833   13.832   13.830

 Columns 129 through 136:

   13.829   13.827   13.826   13.825   13.823   13.822   13.820   13.819

 Columns 137 through 144:

   13.818   13.816   13.815   13.814   13.812   13.811   13.809   13.808

 Columns 145 through 152:

   13.807   13.805   13.804   13.802   13.801   13.800   13.798   13.797

 Columns 153 through 160:

   13.796   13.794   13.793   13.791   13.790   13.789   13.787   13.786

 Columns 161 through 168:

   13.785   13.783   13.782   13.780   13.779   13.778   13.776   13.775

 Columns 169 through 176:

   13.774   13.772   13.771   13.769   13.768   13.767   13.765   13.764

 Columns 177 through 184:

   13.762   13.761   13.760   13.758   13.757   13.756   13.754   13.753

 Columns 185 through 192:

   13.751   13.750   13.749   13.747   13.746   13.745   13.743   13.742

 Columns 193 through 200:

   13.740   13.739   13.738   13.736   13.735   13.734   13.732   13.731

 Columns 201 through 208:

   13.729   13.728   13.727   13.725   13.724   13.723   13.721   13.720

 Columns 209 through 216:

   13.718   13.717   13.716   13.714   13.713   13.712   13.710   13.709

 Columns 217 through 224:

   13.707   13.706   13.705   13.703   13.702   13.701   13.699   13.698

 Columns 225 through 232:

   13.697   13.695   13.694   13.692   13.691   13.690   13.688   13.687

 Columns 233 through 240:

   13.686   13.684   13.683   13.681   13.680   13.679   13.677   13.676

 Columns 241 through 248:

   13.675   13.673   13.672   13.670   13.669   13.668   13.666   13.665

 Columns 249 through 256:

   13.664   13.662   13.661   13.660   13.658   13.657   13.655   13.654

 Columns 257 through 264:

   13.653   13.651   13.650   13.649   13.647   13.646   13.645   13.643

 Columns 265 through 272:

   13.642   13.640   13.639   13.638   13.636   13.635   13.634   13.632

 Columns 273 through 280:

   13.631   13.629   13.628   13.627   13.625   13.624   13.623   13.621

 Columns 281 through 288:

   13.620   13.619   13.617   13.616   13.615   13.613   13.612   13.610

 Columns 289 through 296:

   13.609   13.608   13.606   13.605   13.604   13.602   13.601   13.600

 Columns 297 through 304:

   13.598   13.597   13.595   13.594   13.593   13.591   13.590   13.589

 Columns 305 through 312:

   13.587   13.586   13.585   13.583   13.582   13.580   13.579   13.578

 Columns 313 through 320:

   13.576   13.575   13.574   13.572   13.571   13.570   13.568   13.567

 Columns 321 through 328:

   13.566   13.564   13.563   13.561   13.560   13.559   13.557   13.556

 Columns 329 through 336:

   13.555   13.553   13.552   13.551   13.549   13.548   13.547   13.545

 Columns 337 through 344:

   13.544   13.542   13.541   13.540   13.538   13.537   13.536   13.534

 Columns 345 through 352:

   13.533   13.532   13.530   13.529   13.528   13.526   13.525   13.523

 Columns 353 through 360:

   13.522   13.521   13.519   13.518   13.517   13.515   13.514   13.513

 Columns 361 through 368:

   13.511   13.510   13.509   13.507   13.506   13.505   13.503   13.502

 Columns 369 through 376:

   13.501   13.499   13.498   13.496   13.495   13.494   13.492   13.491

 Columns 377 through 384:

   13.490   13.488   13.487   13.486   13.484   13.483   13.482   13.480

 Columns 385 through 392:

   13.479   13.478   13.476   13.475   13.474   13.472   13.471   13.469

 Columns 393 through 400:

   13.468   13.467   13.465   13.464   13.463   13.461   13.460   13.459

 Columns 401 through 408:

   13.457   13.456   13.455   13.453   13.452   13.451   13.449   13.448

 Columns 409 through 416:

   13.447   13.445   13.444   13.443   13.441   13.440   13.438   13.437

 Columns 417 through 424:

   13.436   13.434   13.433   13.432   13.430   13.429   13.428   13.426

 Columns 425 through 432:

   13.425   13.424   13.422   13.421   13.420   13.418   13.417   13.416

 Columns 433 through 440:

   13.414   13.413   13.412   13.410   13.409   13.408   13.406   13.405

 Columns 441 through 448:

   13.404   13.402   13.401   13.400   13.398   13.397   13.396   13.394

 Columns 449 through 456:

   13.393   13.391   13.390   13.389   13.387   13.386   13.385   13.383

 Columns 457 through 464:

   13.382   13.381   13.379   13.378   13.377   13.375   13.374   13.373

 Columns 465 through 472:

   13.371   13.370   13.369   13.367   13.366   13.365   13.363   13.362

 Columns 473 through 480:

   13.361   13.359   13.358   13.357   13.355   13.354   13.353   13.351

 Columns 481 through 488:

   13.350   13.349   13.347   13.346   13.345   13.343   13.342   13.341

 Columns 489 through 496:

   13.339   13.338   13.337   13.335   13.334   13.333   13.331   13.330

 Columns 497 through 504:

   13.329   13.327   13.326   13.325   13.323   13.322   13.321   13.319

 Columns 505 through 512:

   13.318   13.317   13.315   13.314   13.313   13.311   13.310   13.309

 Columns 513 through 520:

   13.307   13.306   13.305   13.303   13.302   13.301   13.299   13.298

 Columns 521 through 528:

   13.297   13.295   13.294   13.293   13.291   13.290   13.289   13.287

 Columns 529 through 536:

   13.286   13.285   13.283   13.282   13.281   13.279   13.278   13.277

 Columns 537 through 544:

   13.275   13.274   13.273   13.271   13.270   13.269   13.267   13.266

 Columns 545 through 552:

   13.265   13.263   13.262   13.261   13.259   13.258   13.257   13.255

 Columns 553 through 560:

   13.254   13.253   13.251   13.250   13.249   13.247   13.246   13.245

 Columns 561 through 568:

   13.244   13.242   13.241   13.240   13.238   13.237   13.236   13.234

 Columns 569 through 576:

   13.233   13.232   13.230   13.229   13.228   13.226   13.225   13.224

 Columns 577 through 584:

   13.222   13.221   13.220   13.218   13.217   13.216   13.214   13.213

 Columns 585 through 592:

   13.212   13.210   13.209   13.208   13.206   13.205   13.204   13.202

 Columns 593 through 600:

   13.201   13.200   13.199   13.197   13.196   13.195   13.193   13.192

 Columns 601 through 608:

   13.191   13.189   13.188   13.187   13.185   13.184   13.183   13.181

 Columns 609 through 616:

   13.180   13.179   13.177   13.176   13.175   13.173   13.172   13.171

 Columns 617 through 624:

   13.169   13.168   13.167   13.166   13.164   13.163   13.162   13.160

 Columns 625 through 632:

   13.159   13.158   13.156   13.155   13.154   13.152   13.151   13.150

 Columns 633 through 640:

   13.148   13.147   13.146   13.144   13.143   13.142   13.141   13.139

 Columns 641 through 648:

   13.138   13.137   13.135   13.134   13.133   13.131   13.130   13.129

 Columns 649 through 656:

   13.127   13.126   13.125   13.123   13.122   13.121   13.119   13.118

 Columns 657 through 664:

   13.117   13.116   13.114   13.113   13.112   13.110   13.109   13.108

 Columns 665 through 672:

   13.106   13.105   13.104   13.102   13.101   13.100   13.098   13.097

 Columns 673 through 680:

   13.096   13.095   13.093   13.092   13.091   13.089   13.088   13.087

 Columns 681 through 688:

   13.085   13.084   13.083   13.081   13.080   13.079   13.078   13.076

 Columns 689 through 696:

   13.075   13.074   13.072   13.071   13.070   13.068   13.067   13.066

 Columns 697 through 704:

   13.064   13.063   13.062   13.061   13.059   13.058   13.057   13.055

 Columns 705 through 712:

   13.054   13.053   13.051   13.050   13.049   13.047   13.046   13.045

 Columns 713 through 720:

   13.044   13.042   13.041   13.040   13.038   13.037   13.036   13.034

 Columns 721 through 728:

   13.033   13.032   13.030   13.029   13.028   13.027   13.025   13.024

 Columns 729 through 736:

   13.023   13.021   13.020   13.019   13.017   13.016   13.015   13.014

 Columns 737 through 744:

   13.012   13.011   13.010   13.008   13.007   13.006   13.004   13.003

 Columns 745 through 752:

   13.002   13.001   12.999   12.998   12.997   12.995   12.994   12.993

 Columns 753 through 760:

   12.991   12.990   12.989   12.988   12.986   12.985   12.984   12.982

 Columns 761 through 768:

   12.981   12.980   12.978   12.977   12.976   12.975   12.973   12.972

 Columns 769 through 776:

   12.971   12.969   12.968   12.967   12.965   12.964   12.963   12.962

 Columns 777 through 784:

   12.960   12.959   12.958   12.956   12.955   12.954   12.952   12.951

 Columns 785 through 792:

   12.950   12.949   12.947   12.946   12.945   12.943   12.942   12.941

 Columns 793 through 800:

   12.939   12.938   12.937   12.936   12.934   12.933   12.932   12.930

 Columns 801 through 808:

   12.929   12.928   12.927   12.925   12.924   12.923   12.921   12.920

 Columns 809 through 816:

   12.919   12.917   12.916   12.915   12.914   12.912   12.911   12.910

 Columns 817 through 824:

   12.908   12.907   12.906   12.905   12.903   12.902   12.901   12.899

 Columns 825 through 832:

   12.898   12.897   12.896   12.894   12.893   12.892   12.890   12.889

 Columns 833 through 840:

   12.888   12.887   12.885   12.884   12.883   12.881   12.880   12.879

 Columns 841 through 848:

   12.877   12.876   12.875   12.874   12.872   12.871   12.870   12.868

 Columns 849 through 856:

   12.867   12.866   12.865   12.863   12.862   12.861   12.859   12.858

 Columns 857 through 864:

   12.857   12.856   12.854   12.853   12.852   12.850   12.849   12.848

 Columns 865 through 872:

   12.847   12.845   12.844   12.843   12.841   12.840   12.839   12.838

 Columns 873 through 880:

   12.836   12.835   12.834   12.832   12.831   12.830   12.829   12.827

 Columns 881 through 888:

   12.826   12.825   12.823   12.822   12.821   12.820   12.818   12.817

 Columns 889 through 896:

   12.816   12.814   12.813   12.812   12.811   12.809   12.808   12.807

 Columns 897 through 904:

   12.805   12.804   12.803   12.802   12.800   12.799   12.798   12.797

 Columns 905 through 912:

   12.795   12.794   12.793   12.791   12.790   12.789   12.788   12.786

 Columns 913 through 920:

   12.785   12.784   12.782   12.781   12.780   12.779   12.777   12.776

 Columns 921 through 928:

   12.775   12.773   12.772   12.771   12.770   12.768   12.767   12.766

 Columns 929 through 936:

   12.765   12.763   12.762   12.761   12.759   12.758   12.757   12.756

 Columns 937 through 944:

   12.754   12.753   12.752   12.750   12.749   12.748   12.747   12.745

 Columns 945 through 952:

   12.744   12.743   12.742   12.740   12.739   12.738   12.736   12.735

 Columns 953 through 960:

   12.734   12.733   12.731   12.730   12.729   12.728   12.726   12.725

 Columns 961 through 968:

   12.724   12.722   12.721   12.720   12.719   12.717   12.716   12.715

 Columns 969 through 976:

   12.714   12.712   12.711   12.710   12.708   12.707   12.706   12.705

 Columns 977 through 984:

   12.703   12.702   12.701   12.700   12.698   12.697   12.696   12.694

 Columns 985 through 992:

   12.693   12.692   12.691   12.689   12.688   12.687   12.686   12.684

 Columns 993 through 1000:

   12.683   12.682   12.680   12.679   12.678   12.677   12.675   12.674

R =  1000
C =  0.00010000
R =  1000
C =  0.00010000
tON =  0.0087010
sum2 =  0.10348
The average is 12.0248 V 
The output ripple is 0.00267197 V 
cost =  113.10
M =  0.00073513
The merit figure is 0.000735 MU 
