r1 =  1043.620943750000
r2 =  2010.607132890000
r3 =  3101.270144200000
r4 =  4188.228017980000
r5 =  3094.147868570000
r6 =  2027.399362350000
r7 =  1002.280903700000
va =  5.029246000010000
idd =    1.030877549490000e-03
kb =    7.249249759900000e-03
kc =  8295.759035659999
A =

 Columns 1 through 3:

   8.333119105930000e+03   3.101270144200000e+03   0.000000000000000e+00
   4.188228017980000e+03   0.000000000000000e+00   0.000000000000000e+00
   1.000000000000000e+00   0.000000000000000e+00   0.000000000000000e+00
  -4.655085653413273e-02   0.000000000000000e+00  -1.000000000000000e+00
   0.000000000000000e+00   0.000000000000000e+00   0.000000000000000e+00
   0.000000000000000e+00   1.000000000000000e+00   0.000000000000000e+00
  -1.000000000000000e+00  -1.000000000000000e+00   1.000000000000000e+00

 Columns 4 through 6:

   0.000000000000000e+00   0.000000000000000e+00   4.188228017980000e+03
   0.000000000000000e+00   0.000000000000000e+00  -1.077850751630000e+03
  -1.000000000000000e+00   0.000000000000000e+00   1.000000000000000e+00
   0.000000000000000e+00   0.000000000000000e+00   0.000000000000000e+00
   0.000000000000000e+00   0.000000000000000e+00   1.000000000000000e+00
   0.000000000000000e+00   1.000000000000000e+00   0.000000000000000e+00
   0.000000000000000e+00   0.000000000000000e+00   0.000000000000000e+00

 Column 7:

   0.000000000000000e+00
   0.000000000000000e+00
   0.000000000000000e+00
   0.000000000000000e+00
  -1.000000000000000e+00
   0.000000000000000e+00
   0.000000000000000e+00

C =

   5.029246000010000e+00
   0.000000000000000e+00
   0.000000000000000e+00
   0.000000000000000e+00
   1.030877549490000e-03
   1.030877549490000e-03
   0.000000000000000e+00

b =

   2.354320767953293e-04
  -2.463916416257615e-04
  -1.095956483043230e-05
   1.150255598395380e-03
   1.277269191115762e-03
   9.148235216000502e-04
  -1.160540278899499e-04

ia =    2.354320767953293e-04
ib =   -2.463916416257615e-04
i3 =   -1.095956483043230e-05
i4 =    1.150255598395380e-03
i5 =    1.277269191115762e-03
ic =    9.148235216000502e-04
ivc =   -1.160540278899499e-04
R =

 Columns 1 through 3:

   0.000000000000000e+00   0.000000000000000e+00   0.000000000000000e+00
   0.000000000000000e+00   0.000000000000000e+00  -1.000000000000000e+00
   0.000000000000000e+00   0.000000000000000e+00   0.000000000000000e+00
  -4.973622064906450e-04   4.973622064906450e-04   0.000000000000000e+00
   0.000000000000000e+00   0.000000000000000e+00   4.932427318320153e-04
  -1.778013047666433e-03   4.973622064906450e-04   0.000000000000000e+00
   7.249249759900000e-03   0.000000000000000e+00   0.000000000000000e+00
   0.000000000000000e+00   0.000000000000000e+00   4.932427318320153e-04
   3.224485302804728e-04   0.000000000000000e+00   2.387644597445543e-04

 Columns 4 through 6:

   1.000000000000000e+00   0.000000000000000e+00   0.000000000000000e+00
   0.000000000000000e+00   0.000000000000000e+00   0.000000000000000e+00
  -3.231907596136195e-04   3.231907596136195e-04   0.000000000000000e+00
   0.000000000000000e+00   0.000000000000000e+00   0.000000000000000e+00
   0.000000000000000e+00   0.000000000000000e+00  -1.490967018814258e-03
   3.224485302804728e-04   0.000000000000000e+00   0.000000000000000e+00
  -7.249249759900000e-03   0.000000000000000e+00   0.000000000000000e+00
   0.000000000000000e+00   0.000000000000000e+00  -4.932427318320153e-04
  -8.844037496386466e-04   3.231907596136195e-04   0.000000000000000e+00

 Columns 7 through 9:

  -1.000000000000000e+00   0.000000000000000e+00  -8.295759035659999e+03
   0.000000000000000e+00   0.000000000000000e+00   0.000000000000000e+00
   0.000000000000000e+00   1.000000000000000e+00   0.000000000000000e+00
   0.000000000000000e+00  -1.000000000000000e+00   0.000000000000000e+00
   9.977242869822424e-04   0.000000000000000e+00   0.000000000000000e+00
   0.000000000000000e+00   0.000000000000000e+00   0.000000000000000e+00
   0.000000000000000e+00  -1.000000000000000e+00   0.000000000000000e+00
   0.000000000000000e+00   0.000000000000000e+00  -1.000000000000000e+00
   0.000000000000000e+00   0.000000000000000e+00   1.000000000000000e+00

T =

   0.000000000000000e+00
   5.029246000010000e+00
   1.030877549490000e-03
   0.000000000000000e+00
   0.000000000000000e+00
   0.000000000000000e+00
   0.000000000000000e+00
   0.000000000000000e+00
   1.030877549490000e-03

s =

  -2.457018461741642e-01
  -7.410986383113974e-01
  -5.029246000010000e+00
  -2.117132749721202e-01
   3.740346470308841e+00
  -6.883958624364724e+00
  -7.800868770320037e+00
  -2.463916416257617e-04
   9.148235216000502e-04

y =

   2.354321000000000e-04
  -2.463920000000000e-04
  -1.095960000000000e-05
   1.150256000000000e-03
   1.277269000000000e-03
   9.148235000000000e-04
  -1.160540000000000e-04
  -2.457020000000000e-01
  -7.410990000000000e-01
  -5.029250000000000e+00
  -2.117130000000000e-01
   3.740346000000000e+00
  -6.883960000000000e+00
  -7.800870000000000e+00

z =

 Columns 1 through 3:

   2.354320767953293e-04  -2.463916416257615e-04  -1.095956483043230e-05

 Columns 4 through 6:

   1.150255598395380e-03   1.277269191115762e-03   9.148235216000502e-04

 Columns 7 through 9:

  -1.160540278899499e-04  -2.457018461741642e-01  -7.410986383113974e-01

 Columns 10 through 12:

  -5.029246000010000e+00  -2.117132749721202e-01   3.740346470308841e+00

 Columns 13 and 14:

  -6.883958624364724e+00  -7.800868770320037e+00

x =    9.856205105887627e-06
x =

   9.856205105887627e-06   1.454488126595308e-04

x =

   9.856205105887627e-06   1.454488126595308e-04   3.209019279987773e-04

x =

 Columns 1 through 3:

   9.856205105887627e-06   1.454488126595308e-04   3.209019279987773e-04

 Column 4:

   3.491436866539997e-05

x =

 Columns 1 through 3:

   9.856205105887627e-06   1.454488126595308e-04   3.209019279987773e-04

 Columns 4 and 5:

   3.491436866539997e-05   1.496284350995462e-05

x =

 Columns 1 through 3:

   9.856205105887627e-06   1.454488126595308e-04   3.209019279987773e-04

 Columns 4 through 6:

   3.491436866539997e-05   1.496284350995462e-05   2.361116674307931e-06

x =

 Columns 1 through 3:

   9.856205105887627e-06   1.454488126595308e-04   3.209019279987773e-04

 Columns 4 through 6:

   3.491436866539997e-05   1.496284350995462e-05   2.361116674307931e-06

 Column 7:

   2.403187299413270e-05

x =

 Columns 1 through 3:

   9.856205105887627e-06   1.454488126595308e-04   3.209019279987773e-04

 Columns 4 through 6:

   3.491436866539997e-05   1.496284350995462e-05   2.361116674307931e-06

 Columns 7 and 8:

   2.403187299413270e-05   6.260666814418332e-05

x =

 Columns 1 through 3:

   9.856205105887627e-06   1.454488126595308e-04   3.209019279987773e-04

 Columns 4 through 6:

   3.491436866539997e-05   1.496284350995462e-05   2.361116674307931e-06

 Columns 7 through 9:

   2.403187299413270e-05   6.260666814418332e-05   4.880435711188682e-05

x =

 Columns 1 through 3:

   9.856205105887627e-06   1.454488126595308e-04   3.209019279987773e-04

 Columns 4 through 6:

   3.491436866539997e-05   1.496284350995462e-05   2.361116674307931e-06

 Columns 7 through 9:

   2.403187299413270e-05   6.260666814418332e-05   4.880435711188682e-05

 Column 10:

   7.953452305131549e-05

x =

 Columns 1 through 3:

   9.856205105887627e-06   1.454488126595308e-04   3.209019279987773e-04

 Columns 4 through 6:

   3.491436866539997e-05   1.496284350995462e-05   2.361116674307931e-06

 Columns 7 through 9:

   2.403187299413270e-05   6.260666814418332e-05   4.880435711188682e-05

 Columns 10 and 11:

   7.953452305131549e-05   1.298796579389142e-04

x =

 Columns 1 through 3:

   9.856205105887627e-06   1.454488126595308e-04   3.209019279987773e-04

 Columns 4 through 6:

   3.491436866539997e-05   1.496284350995462e-05   2.361116674307931e-06

 Columns 7 through 9:

   2.403187299413270e-05   6.260666814418332e-05   4.880435711188682e-05

 Columns 10 through 12:

   7.953452305131549e-05   1.298796579389142e-04   1.257393943664398e-05

x =

 Columns 1 through 3:

   9.856205105887627e-06   1.454488126595308e-04   3.209019279987773e-04

 Columns 4 through 6:

   3.491436866539997e-05   1.496284350995462e-05   2.361116674307931e-06

 Columns 7 through 9:

   2.403187299413270e-05   6.260666814418332e-05   4.880435711188682e-05

 Columns 10 through 12:

   7.953452305131549e-05   1.298796579389142e-04   1.257393943664398e-05

 Column 13:

   1.998319682149681e-05

x =

 Columns 1 through 3:

   9.856205105887627e-06   1.454488126595308e-04   3.209019279987773e-04

 Columns 4 through 6:

   3.491436866539997e-05   1.496284350995462e-05   2.361116674307931e-06

 Columns 7 through 9:

   2.403187299413270e-05   6.260666814418332e-05   4.880435711188682e-05

 Columns 10 through 12:

   7.953452305131549e-05   1.298796579389142e-04   1.257393943664398e-05

 Columns 13 and 14:

   1.998319682149681e-05   1.576336949981435e-05

ans = 0
