r1 =  1043.620943750000
r2 =  2010.607132890000
r3 =  3101.270144200000
r4 =  4188.228017980000
r5 =  3094.147868570000
r6 =  2027.399362350000
r7 =  1002.280903700000
Vs =  5.029246000010000
C =    1.030877549490000e-06
Kb =    7.249249759900000e-03
Kd =  8295.759035659999
R =

 Columns 1 through 3:

   1.000000000000000e+00   0.000000000000000e+00   0.000000000000000e+00
   9.582023108953155e-04  -1.778013047666433e-03   4.973622064906450e-04
   0.000000000000000e+00   4.973622064906450e-04  -4.973622064906450e-04
   0.000000000000000e+00   0.000000000000000e+00   0.000000000000000e+00
   0.000000000000000e+00   0.000000000000000e+00   0.000000000000000e+00
   0.000000000000000e+00   0.000000000000000e+00   0.000000000000000e+00
   0.000000000000000e+00  -7.249249759900000e-03   0.000000000000000e+00
   0.000000000000000e+00   3.224485302804728e-04   0.000000000000000e+00
   0.000000000000000e+00   0.000000000000000e+00   0.000000000000000e+00
   0.000000000000000e+00   0.000000000000000e+00   0.000000000000000e+00

 Columns 4 through 6:

   0.000000000000000e+00   0.000000000000000e+00   0.000000000000000e+00
   3.224485302804728e-04   0.000000000000000e+00   0.000000000000000e+00
   0.000000000000000e+00   0.000000000000000e+00   0.000000000000000e+00
   1.000000000000000e+00   0.000000000000000e+00   0.000000000000000e+00
  -3.231907596136195e-04   3.231907596136195e-04   0.000000000000000e+00
   0.000000000000000e+00   0.000000000000000e+00   9.977242869822424e-04
   7.249249759900000e-03   0.000000000000000e+00   0.000000000000000e+00
  -8.844037496386466e-04   3.231907596136195e-04   0.000000000000000e+00
   0.000000000000000e+00   0.000000000000000e+00   4.932427318320153e-04
   0.000000000000000e+00   0.000000000000000e+00   0.000000000000000e+00

 Columns 7 through 9:

   0.000000000000000e+00   0.000000000000000e+00   0.000000000000000e+00
   0.000000000000000e+00   0.000000000000000e+00   0.000000000000000e+00
   0.000000000000000e+00   1.000000000000000e+00   0.000000000000000e+00
  -1.000000000000000e+00   0.000000000000000e+00   0.000000000000000e+00
   0.000000000000000e+00   1.000000000000000e+00   1.000000000000000e+00
  -9.977242869822424e-04   0.000000000000000e+00   0.000000000000000e+00
   0.000000000000000e+00   1.000000000000000e+00   0.000000000000000e+00
   0.000000000000000e+00   0.000000000000000e+00   1.000000000000000e+00
   0.000000000000000e+00   0.000000000000000e+00   0.000000000000000e+00
   0.000000000000000e+00   0.000000000000000e+00   1.000000000000000e+00

 Column 10:

   0.000000000000000e+00
   0.000000000000000e+00
   0.000000000000000e+00
  -8.295759035659999e+03
   0.000000000000000e+00
  -1.000000000000000e+00
   0.000000000000000e+00
   1.000000000000000e+00
   1.000000000000000e+00
   0.000000000000000e+00

T =

   5.029246000010000e+00
   0.000000000000000e+00
   0.000000000000000e+00
   0.000000000000000e+00
   0.000000000000000e+00
   0.000000000000000e+00
   0.000000000000000e+00
   0.000000000000000e+00
   0.000000000000000e+00
   0.000000000000000e+00

s =

   5.029246000010000e+00
   4.783544153835834e+00
   4.288147361698601e+00
   4.817532725037879e+00
   5.579904897807692e+00
  -1.854712624354723e+00
  -2.771622770310038e+00
  -2.463916416257615e-04
   0.000000000000000e+00
   9.148235216000502e-04

vaux =  8.351527668117731
Vs = 0
Vx =  8.351527668117731
X =

 Columns 1 through 3:

   1.000000000000000e+00   0.000000000000000e+00   0.000000000000000e+00
   9.582023108953155e-04  -1.778013047666433e-03   4.973622064906450e-04
   0.000000000000000e+00   4.973622064906450e-04  -4.973622064906450e-04
   0.000000000000000e+00   0.000000000000000e+00   0.000000000000000e+00
   0.000000000000000e+00   0.000000000000000e+00   0.000000000000000e+00
   0.000000000000000e+00   0.000000000000000e+00   0.000000000000000e+00
   0.000000000000000e+00  -7.249249759900000e-03   0.000000000000000e+00
   0.000000000000000e+00   3.224485302804728e-04   0.000000000000000e+00
   0.000000000000000e+00   0.000000000000000e+00   0.000000000000000e+00
   0.000000000000000e+00   0.000000000000000e+00   0.000000000000000e+00

 Columns 4 through 6:

   0.000000000000000e+00   0.000000000000000e+00   0.000000000000000e+00
   3.224485302804728e-04   0.000000000000000e+00   0.000000000000000e+00
   0.000000000000000e+00   0.000000000000000e+00   0.000000000000000e+00
   1.000000000000000e+00   0.000000000000000e+00   0.000000000000000e+00
  -3.231907596136195e-04   3.231907596136195e-04   0.000000000000000e+00
   0.000000000000000e+00   0.000000000000000e+00   9.977242869822424e-04
   7.249249759900000e-03   0.000000000000000e+00   0.000000000000000e+00
  -8.844037496386466e-04   3.231907596136195e-04   0.000000000000000e+00
   0.000000000000000e+00   0.000000000000000e+00   4.932427318320153e-04
   0.000000000000000e+00   1.000000000000000e+00   0.000000000000000e+00

 Columns 7 through 9:

   0.000000000000000e+00   0.000000000000000e+00   0.000000000000000e+00
   0.000000000000000e+00   0.000000000000000e+00   0.000000000000000e+00
   0.000000000000000e+00   1.000000000000000e+00   0.000000000000000e+00
  -1.000000000000000e+00   0.000000000000000e+00   0.000000000000000e+00
   0.000000000000000e+00   1.000000000000000e+00   1.000000000000000e+00
  -9.977242869822424e-04   0.000000000000000e+00   0.000000000000000e+00
   0.000000000000000e+00   1.000000000000000e+00   0.000000000000000e+00
   0.000000000000000e+00   0.000000000000000e+00   1.000000000000000e+00
   0.000000000000000e+00   0.000000000000000e+00   0.000000000000000e+00
  -1.000000000000000e+00   0.000000000000000e+00   0.000000000000000e+00

 Column 10:

   0.000000000000000e+00
   0.000000000000000e+00
   0.000000000000000e+00
  -8.295759035659999e+03
   0.000000000000000e+00
  -1.000000000000000e+00
   0.000000000000000e+00
   1.000000000000000e+00
   1.000000000000000e+00
   0.000000000000000e+00

Y =

   0.000000000000000e+00
   0.000000000000000e+00
   0.000000000000000e+00
   0.000000000000000e+00
   0.000000000000000e+00
   0.000000000000000e+00
   0.000000000000000e+00
   0.000000000000000e+00
   0.000000000000000e+00
   8.351527668117731e+00

w =

   0.000000000000000e+00
  -4.324667405891017e-16
  -1.304428589186777e-15
  -3.726424989974884e-16
   8.351527668117731e+00
   3.358272094359431e-16
   4.331861987638390e-16
  -4.336808689942018e-19
  -2.699136570993130e-03
  -9.713742820848662e-20

ix =   -2.699136570993130e-03
req =  3094.147868570000
A resistencia equivalente é 3094.147869 
tau =    3.189687572511148e-03
A Constante do Tempo equivalente é 0.003190 
f =  1000
Zc =  0.000000000000000e+00 - 1.543878253732784e+02i
Cgain =  2.483499397758842e-03 - 4.977280008699705e-02i
Gain =    4.983472080546696e-02
Phase = -1.520940955486096
K =

 Columns 1 through 3:

   1.000000000000000e+00   0.000000000000000e+00   0.000000000000000e+00
   9.582023108953155e-04  -1.778013047666433e-03   4.973622064906450e-04
   0.000000000000000e+00   4.973622064906450e-04  -4.973622064906450e-04
   0.000000000000000e+00   0.000000000000000e+00   0.000000000000000e+00
   0.000000000000000e+00   0.000000000000000e+00   0.000000000000000e+00
   0.000000000000000e+00   0.000000000000000e+00   0.000000000000000e+00
   0.000000000000000e+00  -7.249249759900000e-03   0.000000000000000e+00
   0.000000000000000e+00   3.224485302804728e-04   0.000000000000000e+00
   0.000000000000000e+00   0.000000000000000e+00   0.000000000000000e+00
   0.000000000000000e+00   0.000000000000000e+00   0.000000000000000e+00

 Columns 4 through 6:

   0.000000000000000e+00   0.000000000000000e+00   0.000000000000000e+00
   3.224485302804728e-04   0.000000000000000e+00   0.000000000000000e+00
   0.000000000000000e+00   0.000000000000000e+00   0.000000000000000e+00
   1.000000000000000e+00   0.000000000000000e+00   0.000000000000000e+00
  -3.231907596136195e-04   3.231907596136195e-04   0.000000000000000e+00
   0.000000000000000e+00   0.000000000000000e+00   9.977242869822424e-04
   7.249249759900000e-03   0.000000000000000e+00   0.000000000000000e+00
  -8.844037496386466e-04   3.231907596136195e-04   0.000000000000000e+00
   0.000000000000000e+00   0.000000000000000e+00   4.932427318320153e-04
   0.000000000000000e+00   0.000000000000000e+00   0.000000000000000e+00

 Columns 7 through 9:

   0.000000000000000e+00   0.000000000000000e+00   0.000000000000000e+00
   0.000000000000000e+00   0.000000000000000e+00   0.000000000000000e+00
   0.000000000000000e+00   1.000000000000000e+00   0.000000000000000e+00
  -1.000000000000000e+00   0.000000000000000e+00   0.000000000000000e+00
   0.000000000000000e+00   1.000000000000000e+00   1.000000000000000e+00
  -9.977242869822424e-04   0.000000000000000e+00   0.000000000000000e+00
   0.000000000000000e+00   1.000000000000000e+00   0.000000000000000e+00
   0.000000000000000e+00   0.000000000000000e+00   1.000000000000000e+00
   0.000000000000000e+00   0.000000000000000e+00   0.000000000000000e+00
   0.000000000000000e+00   0.000000000000000e+00   1.000000000000000e+00

 Column 10:

   0.000000000000000e+00
   0.000000000000000e+00
   0.000000000000000e+00
  -8.295759035659999e+03
   0.000000000000000e+00
  -1.000000000000000e+00
   0.000000000000000e+00
   1.000000000000000e+00
   1.000000000000000e+00
   0.000000000000000e+00

M =

   6.123233995736766e-17 + 1.000000000000000e+00i
   0.000000000000000e+00 + 0.000000000000000e+00i
   0.000000000000000e+00 + 0.000000000000000e+00i
   0.000000000000000e+00 + 0.000000000000000e+00i
   0.000000000000000e+00 + 0.000000000000000e+00i
   0.000000000000000e+00 + 0.000000000000000e+00i
   0.000000000000000e+00 + 0.000000000000000e+00i
   0.000000000000000e+00 + 0.000000000000000e+00i
   0.000000000000000e+00 + 0.000000000000000e+00i
  -0.000000000000000e+00 + 5.409447051880827e-02i

l =

   6.123233995736766e-17 + 1.000000000000000e+00i
   5.824085793937542e-17 + 9.511453911433889e-01i
   5.220927690518537e-17 + 8.526421975958374e-01i
   5.865467737602749e-17 + 9.579035754123580e-01i
   6.793675108190416e-17 - 1.662667993143963e+02i
  -2.258159452480235e-17 - 3.687854251613535e-01i
  -3.374520707574612e-17 - 5.511010537771522e-01i
  -2.999880451791889e-21 - 4.899176568918515e-05i
  -0.000000000000000e+00 + 5.409447051880827e-02i
   1.113820737253639e-20 + 1.819007305664172e-04i

